app_rider/build/app/intermediates/manifest_merge_blame_file/debug/manifest-merger-blame-debug-report.txt
1<?xml version="1.0" encoding="utf-8"?>
2<manifest xmlns:android="http://schemas.android.com/apk/res/android"
3    package="com.mycompany.apprider"
4    android:versionCode="1"
5    android:versionName="1.0.0" >
6
7    <uses-sdk
8        android:minSdkVersion="21"
9        android:targetSdkVersion="34" />
10    <!--
11         Flutter needs it to communicate with the running application
12         to allow setting breakpoints, to provide hot reload, etc.
13    -->
14    <uses-permission android:name="android.permission.INTERNET" />
14-->src\main\AndroidManifest.xml:4:5-66
14-->src\main\AndroidManifest.xml:4:22-64
15    <uses-permission android:name="android.permission.ACCESS_FINE_LOCATION" />
15-->src\main\AndroidManifest.xml:5:5-78
15-->src\main\AndroidManifest.xml:5:22-76
16    <uses-permission android:name="android.permission.ACCESS_COARSE_LOCATION" />
16-->src\main\AndroidManifest.xml:6:5-80
16-->src\main\AndroidManifest.xml:6:22-78
17    <uses-permission android:name="android.permission.ACCESS_NETWORK_STATE" />
17-->[com.google.firebase:firebase-auth:22.3.1] AndroidManifest.xml:26:5-79
17-->[com.google.firebase:firebase-auth:22.3.1] AndroidManifest.xml:26:22-76
18    <uses-permission android:name="com.google.android.providers.gsf.permission.READ_GSERVICES" />
18-->[com.google.android.recaptcha:recaptcha:18.4.0] AndroidManifest.xml:9:5-98
18-->[com.google.android.recaptcha:recaptcha:18.4.0] AndroidManifest.xml:9:22-95
19
20    <uses-feature
20-->[com.google.android.gms:play-services-maps:18.2.0] AndroidManifest.xml:26:5-28:35
21        android:glEsVersion="0x00020000"
21-->[com.google.android.gms:play-services-maps:18.2.0] AndroidManifest.xml:27:9-41
22        android:required="true" />
22-->[com.google.android.gms:play-services-maps:18.2.0] AndroidManifest.xml:28:9-32
23
24    <queries>
24-->[com.google.android.gms:play-services-maps:18.2.0] AndroidManifest.xml:30:5-34:15
25
26        <!-- Needs to be explicitly declared on Android R+ -->
27        <package android:name="com.google.android.apps.maps" />
27-->[com.google.android.gms:play-services-maps:18.2.0] AndroidManifest.xml:33:9-64
27-->[com.google.android.gms:play-services-maps:18.2.0] AndroidManifest.xml:33:18-61
28    </queries>
29
30    <permission
30-->[androidx.core:core:1.10.1] AndroidManifest.xml:22:5-24:47
31        android:name="com.mycompany.apprider.DYNAMIC_RECEIVER_NOT_EXPORTED_PERMISSION"
31-->[androidx.core:core:1.10.1] AndroidManifest.xml:23:9-81
32        android:protectionLevel="signature" />
32-->[androidx.core:core:1.10.1] AndroidManifest.xml:24:9-44
33
34    <uses-permission android:name="com.mycompany.apprider.DYNAMIC_RECEIVER_NOT_EXPORTED_PERMISSION" />
34-->[androidx.core:core:1.10.1] AndroidManifest.xml:26:5-97
34-->[androidx.core:core:1.10.1] AndroidManifest.xml:26:22-94
35
36    <application
36-->src\main\AndroidManifest.xml:8:5-62:19
37        android:appComponentFactory="androidx.core.app.CoreComponentFactory"
37-->[androidx.core:core:1.10.1] AndroidManifest.xml:28:18-86
38        android:debuggable="true"
39        android:icon="@mipmap/ic_launcher"
39-->src\main\AndroidManifest.xml:11:9-43
40        android:label="AppRider"
40-->src\main\AndroidManifest.xml:9:9-33
41        android:requestLegacyExternalStorage="true" >
41-->src\main\AndroidManifest.xml:12:9-52
42        <activity
42-->src\main\AndroidManifest.xml:14:9-52:20
43            android:name="com.mycompany.apprider.MainActivity"
43-->src\main\AndroidManifest.xml:15:13-41
44            android:configChanges="orientation|keyboardHidden|keyboard|screenSize|smallestScreenSize|locale|layoutDirection|fontScale|screenLayout|density|uiMode"
44-->src\main\AndroidManifest.xml:19:13-163
45            android:exported="true"
45-->src\main\AndroidManifest.xml:16:13-36
46            android:hardwareAccelerated="true"
46-->src\main\AndroidManifest.xml:20:13-47
47            android:launchMode="singleTop"
47-->src\main\AndroidManifest.xml:17:13-43
48            android:theme="@style/LaunchTheme"
48-->src\main\AndroidManifest.xml:18:13-47
49            android:windowSoftInputMode="adjustResize" >
49-->src\main\AndroidManifest.xml:21:13-55
50
51            <!--
52                 Specifies an Android theme to apply to this Activity as soon as
53                 the Android process has started. This theme is visible to the user
54                 while the Flutter UI initializes. After that, this theme continues
55                 to determine the Window background behind the Flutter UI.
56            -->
57            <meta-data
57-->src\main\AndroidManifest.xml:26:13-29:17
58                android:name="io.flutter.embedding.android.NormalTheme"
58-->src\main\AndroidManifest.xml:27:15-70
59                android:resource="@style/NormalTheme" />
59-->src\main\AndroidManifest.xml:28:15-52
60            <!--
61                 Displays an Android View that continues showing the launch screen
62                 Drawable until Flutter paints its first frame, then this splash
63                 screen fades out. A splash screen is useful to avoid any visual
64                 gap between the end of Android's launch screen and the painting of
65                 Flutter's first frame.
66            -->
67            <meta-data
67-->src\main\AndroidManifest.xml:35:13-38:17
68                android:name="io.flutter.embedding.android.SplashScreenDrawable"
68-->src\main\AndroidManifest.xml:36:15-79
69                android:resource="@drawable/launch_background" />
69-->src\main\AndroidManifest.xml:37:15-61
70
71            <intent-filter>
71-->src\main\AndroidManifest.xml:39:13-42:29
72                <action android:name="android.intent.action.MAIN" />
72-->src\main\AndroidManifest.xml:40:17-68
72-->src\main\AndroidManifest.xml:40:25-66
73
74                <category android:name="android.intent.category.LAUNCHER" />
74-->src\main\AndroidManifest.xml:41:17-76
74-->src\main\AndroidManifest.xml:41:27-74
75            </intent-filter>
76            <!-- Deep linking -->
77            <meta-data
77-->src\main\AndroidManifest.xml:44:13-90
78                android:name="flutter_deeplinking_enabled"
78-->src\main\AndroidManifest.xml:44:24-66
79                android:value="true" />
79-->src\main\AndroidManifest.xml:44:67-87
80
81            <intent-filter android:autoVerify="true" >
81-->src\main\AndroidManifest.xml:45:13-50:29
81-->src\main\AndroidManifest.xml:45:28-53
82                <action android:name="android.intent.action.VIEW" />
82-->src\main\AndroidManifest.xml:46:17-69
82-->src\main\AndroidManifest.xml:46:25-66
83
84                <category android:name="android.intent.category.DEFAULT" />
84-->src\main\AndroidManifest.xml:47:17-76
84-->src\main\AndroidManifest.xml:47:27-73
85                <category android:name="android.intent.category.BROWSABLE" />
85-->src\main\AndroidManifest.xml:48:17-78
85-->src\main\AndroidManifest.xml:48:27-75
86
87                <data
87-->src\main\AndroidManifest.xml:49:17-79
88                    android:host="apprider.com"
88-->src\main\AndroidManifest.xml:49:49-76
89                    android:scheme="apprider" />
89-->src\main\AndroidManifest.xml:49:23-48
90            </intent-filter>
91        </activity>
92
93        <!--
94             Don't delete the meta-data below.
95             This is used by the Flutter tool to generate GeneratedPluginRegistrant.java
96        -->
97        <meta-data
97-->src\main\AndroidManifest.xml:56:9-58:33
98            android:name="flutterEmbedding"
98-->src\main\AndroidManifest.xml:57:13-44
99            android:value="2" />
99-->src\main\AndroidManifest.xml:58:13-30
100        <meta-data
100-->src\main\AndroidManifest.xml:59:9-123
101            android:name="com.google.android.geo.API_KEY"
101-->src\main\AndroidManifest.xml:59:20-65
102            android:value="AIzaSyAMGzYF5tUaHQLVMJwC8ooRHE8mC9CZGog" />
102-->src\main\AndroidManifest.xml:59:66-121
103
104        <service
104-->[:cloud_firestore] AndroidManifest.xml:10:9-14:19
105            android:name="com.google.firebase.components.ComponentDiscoveryService"
105-->[:cloud_firestore] AndroidManifest.xml:10:18-89
106            android:directBootAware="true"
106-->[com.google.firebase:firebase-common:20.4.2] AndroidManifest.xml:32:13-43
107            android:exported="false" >
107-->[com.google.firebase:firebase-perf:20.5.1] AndroidManifest.xml:13:13-37
108            <meta-data
108-->[:cloud_firestore] AndroidManifest.xml:11:13-13:85
109                android:name="com.google.firebase.components:io.flutter.plugins.firebase.firestore.FlutterFirebaseFirestoreRegistrar"
109-->[:cloud_firestore] AndroidManifest.xml:12:17-134
110                android:value="com.google.firebase.components.ComponentRegistrar" />
110-->[:cloud_firestore] AndroidManifest.xml:13:17-82
111            <meta-data
111-->[:firebase_auth] AndroidManifest.xml:11:13-13:85
112                android:name="com.google.firebase.components:io.flutter.plugins.firebase.auth.FlutterFirebaseAuthRegistrar"
112-->[:firebase_auth] AndroidManifest.xml:12:17-124
113                android:value="com.google.firebase.components.ComponentRegistrar" />
113-->[:firebase_auth] AndroidManifest.xml:13:17-82
114            <meta-data
114-->[:firebase_performance] AndroidManifest.xml:13:13-15:85
115                android:name="com.google.firebase.components:io.flutter.plugins.firebase.performance.FlutterFirebaseAppRegistrar"
115-->[:firebase_performance] AndroidManifest.xml:14:17-130
116                android:value="com.google.firebase.components.ComponentRegistrar" />
116-->[:firebase_performance] AndroidManifest.xml:15:17-82
117            <meta-data
117-->[:firebase_core] AndroidManifest.xml:11:13-13:85
118                android:name="com.google.firebase.components:io.flutter.plugins.firebase.core.FlutterFirebaseCoreRegistrar"
118-->[:firebase_core] AndroidManifest.xml:12:17-124
119                android:value="com.google.firebase.components.ComponentRegistrar" />
119-->[:firebase_core] AndroidManifest.xml:13:17-82
120            <meta-data
120-->[com.google.firebase:firebase-perf:20.5.1] AndroidManifest.xml:14:13-16:85
121                android:name="com.google.firebase.components:com.google.firebase.perf.FirebasePerfKtxRegistrar"
121-->[com.google.firebase:firebase-perf:20.5.1] AndroidManifest.xml:15:17-112
122                android:value="com.google.firebase.components.ComponentRegistrar" />
122-->[com.google.firebase:firebase-perf:20.5.1] AndroidManifest.xml:16:17-82
123            <meta-data
123-->[com.google.firebase:firebase-perf:20.5.1] AndroidManifest.xml:17:13-19:85
124                android:name="com.google.firebase.components:com.google.firebase.perf.FirebasePerfRegistrar"
124-->[com.google.firebase:firebase-perf:20.5.1] AndroidManifest.xml:18:17-109
125                android:value="com.google.firebase.components.ComponentRegistrar" />
125-->[com.google.firebase:firebase-perf:20.5.1] AndroidManifest.xml:19:17-82
126            <meta-data
126-->[com.google.firebase:firebase-sessions:1.2.0] AndroidManifest.xml:29:13-31:85
127                android:name="com.google.firebase.components:com.google.firebase.sessions.FirebaseSessionsRegistrar"
127-->[com.google.firebase:firebase-sessions:1.2.0] AndroidManifest.xml:30:17-117
128                android:value="com.google.firebase.components.ComponentRegistrar" />
128-->[com.google.firebase:firebase-sessions:1.2.0] AndroidManifest.xml:31:17-82
129            <meta-data
129-->[com.google.firebase:firebase-auth:22.3.1] AndroidManifest.xml:69:13-71:85
130                android:name="com.google.firebase.components:com.google.firebase.auth.FirebaseAuthRegistrar"
130-->[com.google.firebase:firebase-auth:22.3.1] AndroidManifest.xml:70:17-109
131                android:value="com.google.firebase.components.ComponentRegistrar" />
131-->[com.google.firebase:firebase-auth:22.3.1] AndroidManifest.xml:71:17-82
132            <meta-data
132-->[com.google.firebase:firebase-firestore:24.10.1] AndroidManifest.xml:17:13-19:85
133                android:name="com.google.firebase.components:com.google.firebase.firestore.FirebaseFirestoreKtxRegistrar"
133-->[com.google.firebase:firebase-firestore:24.10.1] AndroidManifest.xml:18:17-122
134                android:value="com.google.firebase.components.ComponentRegistrar" />
134-->[com.google.firebase:firebase-firestore:24.10.1] AndroidManifest.xml:19:17-82
135            <meta-data
135-->[com.google.firebase:firebase-firestore:24.10.1] AndroidManifest.xml:20:13-22:85
136                android:name="com.google.firebase.components:com.google.firebase.firestore.FirestoreRegistrar"
136-->[com.google.firebase:firebase-firestore:24.10.1] AndroidManifest.xml:21:17-111
137                android:value="com.google.firebase.components.ComponentRegistrar" />
137-->[com.google.firebase:firebase-firestore:24.10.1] AndroidManifest.xml:22:17-82
138            <meta-data
138-->[com.google.firebase:firebase-config:21.6.0] AndroidManifest.xml:29:13-31:85
139                android:name="com.google.firebase.components:com.google.firebase.remoteconfig.FirebaseRemoteConfigKtxRegistrar"
139-->[com.google.firebase:firebase-config:21.6.0] AndroidManifest.xml:30:17-128
140                android:value="com.google.firebase.components.ComponentRegistrar" />
140-->[com.google.firebase:firebase-config:21.6.0] AndroidManifest.xml:31:17-82
141            <meta-data
141-->[com.google.firebase:firebase-config:21.6.0] AndroidManifest.xml:32:13-34:85
142                android:name="com.google.firebase.components:com.google.firebase.remoteconfig.RemoteConfigRegistrar"
142-->[com.google.firebase:firebase-config:21.6.0] AndroidManifest.xml:33:17-117
143                android:value="com.google.firebase.components.ComponentRegistrar" />
143-->[com.google.firebase:firebase-config:21.6.0] AndroidManifest.xml:34:17-82
144            <meta-data
144-->[com.google.firebase:firebase-installations:17.2.0] AndroidManifest.xml:15:13-17:85
145                android:name="com.google.firebase.components:com.google.firebase.installations.FirebaseInstallationsKtxRegistrar"
145-->[com.google.firebase:firebase-installations:17.2.0] AndroidManifest.xml:16:17-130
146                android:value="com.google.firebase.components.ComponentRegistrar" />
146-->[com.google.firebase:firebase-installations:17.2.0] AndroidManifest.xml:17:17-82
147            <meta-data
147-->[com.google.firebase:firebase-installations:17.2.0] AndroidManifest.xml:18:13-20:85
148                android:name="com.google.firebase.components:com.google.firebase.installations.FirebaseInstallationsRegistrar"
148-->[com.google.firebase:firebase-installations:17.2.0] AndroidManifest.xml:19:17-127
149                android:value="com.google.firebase.components.ComponentRegistrar" />
149-->[com.google.firebase:firebase-installations:17.2.0] AndroidManifest.xml:20:17-82
150            <meta-data
150-->[com.google.firebase:firebase-common-ktx:20.4.2] AndroidManifest.xml:12:13-14:85
151                android:name="com.google.firebase.components:com.google.firebase.ktx.FirebaseCommonLegacyRegistrar"
151-->[com.google.firebase:firebase-common-ktx:20.4.2] AndroidManifest.xml:13:17-116
152                android:value="com.google.firebase.components.ComponentRegistrar" />
152-->[com.google.firebase:firebase-common-ktx:20.4.2] AndroidManifest.xml:14:17-82
153            <meta-data
153-->[com.google.firebase:firebase-datatransport:18.1.8] AndroidManifest.xml:27:13-29:85
154                android:name="com.google.firebase.components:com.google.firebase.datatransport.TransportRegistrar"
154-->[com.google.firebase:firebase-datatransport:18.1.8] AndroidManifest.xml:28:17-115
155                android:value="com.google.firebase.components.ComponentRegistrar" />
155-->[com.google.firebase:firebase-datatransport:18.1.8] AndroidManifest.xml:29:17-82
156            <meta-data
156-->[com.google.firebase:firebase-common:20.4.2] AndroidManifest.xml:35:13-37:85
157                android:name="com.google.firebase.components:com.google.firebase.FirebaseCommonKtxRegistrar"
157-->[com.google.firebase:firebase-common:20.4.2] AndroidManifest.xml:36:17-109
158                android:value="com.google.firebase.components.ComponentRegistrar" />
158-->[com.google.firebase:firebase-common:20.4.2] AndroidManifest.xml:37:17-82
159            <meta-data
159-->[com.google.firebase:firebase-abt:21.1.1] AndroidManifest.xml:12:13-14:85
160                android:name="com.google.firebase.components:com.google.firebase.abt.component.AbtRegistrar"
160-->[com.google.firebase:firebase-abt:21.1.1] AndroidManifest.xml:13:17-109
161                android:value="com.google.firebase.components.ComponentRegistrar" />
161-->[com.google.firebase:firebase-abt:21.1.1] AndroidManifest.xml:14:17-82
162        </service>
163        <service
163-->[:geolocator_android] AndroidManifest.xml:10:9-14:56
164            android:name="com.baseflow.geolocator.GeolocatorLocationService"
164-->[:geolocator_android] AndroidManifest.xml:11:13-77
165            android:enabled="true"
165-->[:geolocator_android] AndroidManifest.xml:12:13-35
166            android:exported="false"
166-->[:geolocator_android] AndroidManifest.xml:13:13-37
167            android:foregroundServiceType="location" />
167-->[:geolocator_android] AndroidManifest.xml:14:13-53
168
169        <activity
169-->[:url_launcher_android] AndroidManifest.xml:10:9-13:74
170            android:name="io.flutter.plugins.urllauncher.WebViewActivity"
170-->[:url_launcher_android] AndroidManifest.xml:11:13-74
171            android:exported="false"
171-->[:url_launcher_android] AndroidManifest.xml:12:13-37
172            android:theme="@android:style/Theme.NoTitleBar.Fullscreen" />
172-->[:url_launcher_android] AndroidManifest.xml:13:13-71
173
174        <service
174-->[com.google.firebase:firebase-sessions:1.2.0] AndroidManifest.xml:22:9-25:40
175            android:name="com.google.firebase.sessions.SessionLifecycleService"
175-->[com.google.firebase:firebase-sessions:1.2.0] AndroidManifest.xml:23:13-80
176            android:enabled="true"
176-->[com.google.firebase:firebase-sessions:1.2.0] AndroidManifest.xml:24:13-35
177            android:exported="false" />
177-->[com.google.firebase:firebase-sessions:1.2.0] AndroidManifest.xml:25:13-37
178
179        <activity
179-->[com.google.firebase:firebase-auth:22.3.1] AndroidManifest.xml:29:9-46:20
180            android:name="com.google.firebase.auth.internal.GenericIdpActivity"
180-->[com.google.firebase:firebase-auth:22.3.1] AndroidManifest.xml:30:13-80
181            android:excludeFromRecents="true"
181-->[com.google.firebase:firebase-auth:22.3.1] AndroidManifest.xml:31:13-46
182            android:exported="true"
182-->[com.google.firebase:firebase-auth:22.3.1] AndroidManifest.xml:32:13-36
183            android:launchMode="singleTask"
183-->[com.google.firebase:firebase-auth:22.3.1] AndroidManifest.xml:33:13-44
184            android:theme="@android:style/Theme.Translucent.NoTitleBar" >
184-->[com.google.firebase:firebase-auth:22.3.1] AndroidManifest.xml:34:13-72
185            <intent-filter>
185-->[com.google.firebase:firebase-auth:22.3.1] AndroidManifest.xml:35:13-45:29
186                <action android:name="android.intent.action.VIEW" />
186-->src\main\AndroidManifest.xml:46:17-69
186-->src\main\AndroidManifest.xml:46:25-66
187
188                <category android:name="android.intent.category.DEFAULT" />
188-->src\main\AndroidManifest.xml:47:17-76
188-->src\main\AndroidManifest.xml:47:27-73
189                <category android:name="android.intent.category.BROWSABLE" />
189-->src\main\AndroidManifest.xml:48:17-78
189-->src\main\AndroidManifest.xml:48:27-75
190
191                <data
191-->src\main\AndroidManifest.xml:49:17-79
192                    android:host="firebase.auth"
192-->src\main\AndroidManifest.xml:49:49-76
193                    android:path="/"
194                    android:scheme="genericidp" />
194-->src\main\AndroidManifest.xml:49:23-48
195            </intent-filter>
196        </activity>
197        <activity
197-->[com.google.firebase:firebase-auth:22.3.1] AndroidManifest.xml:47:9-64:20
198            android:name="com.google.firebase.auth.internal.RecaptchaActivity"
198-->[com.google.firebase:firebase-auth:22.3.1] AndroidManifest.xml:48:13-79
199            android:excludeFromRecents="true"
199-->[com.google.firebase:firebase-auth:22.3.1] AndroidManifest.xml:49:13-46
200            android:exported="true"
200-->[com.google.firebase:firebase-auth:22.3.1] AndroidManifest.xml:50:13-36
201            android:launchMode="singleTask"
201-->[com.google.firebase:firebase-auth:22.3.1] AndroidManifest.xml:51:13-44
202            android:theme="@android:style/Theme.Translucent.NoTitleBar" >
202-->[com.google.firebase:firebase-auth:22.3.1] AndroidManifest.xml:52:13-72
203            <intent-filter>
203-->[com.google.firebase:firebase-auth:22.3.1] AndroidManifest.xml:53:13-63:29
204                <action android:name="android.intent.action.VIEW" />
204-->src\main\AndroidManifest.xml:46:17-69
204-->src\main\AndroidManifest.xml:46:25-66
205
206                <category android:name="android.intent.category.DEFAULT" />
206-->src\main\AndroidManifest.xml:47:17-76
206-->src\main\AndroidManifest.xml:47:27-73
207                <category android:name="android.intent.category.BROWSABLE" />
207-->src\main\AndroidManifest.xml:48:17-78
207-->src\main\AndroidManifest.xml:48:27-75
208
209                <data
209-->src\main\AndroidManifest.xml:49:17-79
210                    android:host="firebase.auth"
210-->src\main\AndroidManifest.xml:49:49-76
211                    android:path="/"
212                    android:scheme="recaptcha" />
212-->src\main\AndroidManifest.xml:49:23-48
213            </intent-filter>
214        </activity>
215
216        <service
216-->[com.google.android.datatransport:transport-backend-cct:3.1.9] AndroidManifest.xml:28:9-34:19
217            android:name="com.google.android.datatransport.runtime.backends.TransportBackendDiscovery"
217-->[com.google.android.datatransport:transport-backend-cct:3.1.9] AndroidManifest.xml:29:13-103
218            android:exported="false" >
218-->[com.google.android.datatransport:transport-backend-cct:3.1.9] AndroidManifest.xml:30:13-37
219            <meta-data
219-->[com.google.android.datatransport:transport-backend-cct:3.1.9] AndroidManifest.xml:31:13-33:39
220                android:name="backend:com.google.android.datatransport.cct.CctBackendFactory"
220-->[com.google.android.datatransport:transport-backend-cct:3.1.9] AndroidManifest.xml:32:17-94
221                android:value="cct" />
221-->[com.google.android.datatransport:transport-backend-cct:3.1.9] AndroidManifest.xml:33:17-36
222        </service>
223
224        <provider
224-->[com.google.firebase:firebase-common:20.4.2] AndroidManifest.xml:23:9-28:39
225            android:name="com.google.firebase.provider.FirebaseInitProvider"
225-->[com.google.firebase:firebase-common:20.4.2] AndroidManifest.xml:24:13-77
226            android:authorities="com.mycompany.apprider.firebaseinitprovider"
226-->[com.google.firebase:firebase-common:20.4.2] AndroidManifest.xml:25:13-72
227            android:directBootAware="true"
227-->[com.google.firebase:firebase-common:20.4.2] AndroidManifest.xml:26:13-43
228            android:exported="false"
228-->[com.google.firebase:firebase-common:20.4.2] AndroidManifest.xml:27:13-37
229            android:initOrder="100" />
229-->[com.google.firebase:firebase-common:20.4.2] AndroidManifest.xml:28:13-36
230
231        <uses-library
231-->[androidx.window:window:1.0.0-beta04] AndroidManifest.xml:25:9-27:40
232            android:name="androidx.window.extensions"
232-->[androidx.window:window:1.0.0-beta04] AndroidManifest.xml:26:13-54
233            android:required="false" />
233-->[androidx.window:window:1.0.0-beta04] AndroidManifest.xml:27:13-37
234        <uses-library
234-->[androidx.window:window:1.0.0-beta04] AndroidManifest.xml:28:9-30:40
235            android:name="androidx.window.sidecar"
235-->[androidx.window:window:1.0.0-beta04] AndroidManifest.xml:29:13-51
236            android:required="false" /> <!-- Needs to be explicitly declared on P+ -->
236-->[androidx.window:window:1.0.0-beta04] AndroidManifest.xml:30:13-37
237        <uses-library
237-->[com.google.android.gms:play-services-maps:18.2.0] AndroidManifest.xml:39:9-41:40
238            android:name="org.apache.http.legacy"
238-->[com.google.android.gms:play-services-maps:18.2.0] AndroidManifest.xml:40:13-50
239            android:required="false" />
239-->[com.google.android.gms:play-services-maps:18.2.0] AndroidManifest.xml:41:13-37
240
241        <activity
241-->[com.google.android.gms:play-services-auth:20.7.0] AndroidManifest.xml:23:9-27:75
242            android:name="com.google.android.gms.auth.api.signin.internal.SignInHubActivity"
242-->[com.google.android.gms:play-services-auth:20.7.0] AndroidManifest.xml:24:13-93
243            android:excludeFromRecents="true"
243-->[com.google.android.gms:play-services-auth:20.7.0] AndroidManifest.xml:25:13-46
244            android:exported="false"
244-->[com.google.android.gms:play-services-auth:20.7.0] AndroidManifest.xml:26:13-37
245            android:theme="@android:style/Theme.Translucent.NoTitleBar" />
245-->[com.google.android.gms:play-services-auth:20.7.0] AndroidManifest.xml:27:13-72
246        <!--
247            Service handling Google Sign-In user revocation. For apps that do not integrate with
248            Google Sign-In, this service will never be started.
249        -->
250        <service
250-->[com.google.android.gms:play-services-auth:20.7.0] AndroidManifest.xml:33:9-37:51
251            android:name="com.google.android.gms.auth.api.signin.RevocationBoundService"
251-->[com.google.android.gms:play-services-auth:20.7.0] AndroidManifest.xml:34:13-89
252            android:exported="true"
252-->[com.google.android.gms:play-services-auth:20.7.0] AndroidManifest.xml:35:13-36
253            android:permission="com.google.android.gms.auth.api.signin.permission.REVOCATION_NOTIFICATION"
253-->[com.google.android.gms:play-services-auth:20.7.0] AndroidManifest.xml:36:13-107
254            android:visibleToInstantApps="true" />
254-->[com.google.android.gms:play-services-auth:20.7.0] AndroidManifest.xml:37:13-48
255
256        <activity
256-->[com.google.android.gms:play-services-base:18.1.0] AndroidManifest.xml:20:9-22:45
257            android:name="com.google.android.gms.common.api.GoogleApiActivity"
257-->[com.google.android.gms:play-services-base:18.1.0] AndroidManifest.xml:20:19-85
258            android:exported="false"
258-->[com.google.android.gms:play-services-base:18.1.0] AndroidManifest.xml:22:19-43
259            android:theme="@android:style/Theme.Translucent.NoTitleBar" />
259-->[com.google.android.gms:play-services-base:18.1.0] AndroidManifest.xml:21:19-78
260
261        <meta-data
261-->[com.google.android.gms:play-services-basement:18.2.0] AndroidManifest.xml:21:9-23:69
262            android:name="com.google.android.gms.version"
262-->[com.google.android.gms:play-services-basement:18.2.0] AndroidManifest.xml:22:13-58
263            android:value="@integer/google_play_services_version" />
263-->[com.google.android.gms:play-services-basement:18.2.0] AndroidManifest.xml:23:13-66
264
265        <provider
265-->[androidx.lifecycle:lifecycle-process:2.3.1] AndroidManifest.xml:25:9-29:43
266            android:name="androidx.lifecycle.ProcessLifecycleOwnerInitializer"
266-->[androidx.lifecycle:lifecycle-process:2.3.1] AndroidManifest.xml:26:13-79
267            android:authorities="com.mycompany.apprider.lifecycle-process"
267-->[androidx.lifecycle:lifecycle-process:2.3.1] AndroidManifest.xml:27:13-69
268            android:exported="false"
268-->[androidx.lifecycle:lifecycle-process:2.3.1] AndroidManifest.xml:28:13-37
269            android:multiprocess="true" />
269-->[androidx.lifecycle:lifecycle-process:2.3.1] AndroidManifest.xml:29:13-40
270
271        <service
271-->[com.google.android.datatransport:transport-runtime:3.1.9] AndroidManifest.xml:26:9-30:19
272            android:name="com.google.android.datatransport.runtime.scheduling.jobscheduling.JobInfoSchedulerService"
272-->[com.google.android.datatransport:transport-runtime:3.1.9] AndroidManifest.xml:27:13-117
273            android:exported="false"
273-->[com.google.android.datatransport:transport-runtime:3.1.9] AndroidManifest.xml:28:13-37
274            android:permission="android.permission.BIND_JOB_SERVICE" >
274-->[com.google.android.datatransport:transport-runtime:3.1.9] AndroidManifest.xml:29:13-69
275        </service>
276
277        <receiver
277-->[com.google.android.datatransport:transport-runtime:3.1.9] AndroidManifest.xml:32:9-34:40
278            android:name="com.google.android.datatransport.runtime.scheduling.jobscheduling.AlarmManagerSchedulerBroadcastReceiver"
278-->[com.google.android.datatransport:transport-runtime:3.1.9] AndroidManifest.xml:33:13-132
279            android:exported="false" />
279-->[com.google.android.datatransport:transport-runtime:3.1.9] AndroidManifest.xml:34:13-37
280    </application>
281
282</manifest>